<?xml version="1.0" encoding="UTF-8"?>
<!-- Generated by org.testng.reporters.JUnitXMLReporter -->
<testsuite hostname="DESKTOP-MRC5NGO" ignored="0" name="Default test" tests="1" failures="1" timestamp="28 Sep 2020 07:20:42 GMT" time="8.472" errors="0">
  <testcase name="runScenario" time="8.246" classname="io.cucumber.testng.AbstractTestNGCucumberTests">
    <failure type="java.lang.NullPointerException">
      <![CDATA[java.lang.NullPointerException
at stepdef.Details_StepDef.account_details_page_is_displayed(Details_StepDef.java:35)
at ✽.account details page is displayed(file:/C:/Users/babu_/eclipse-workspace/Bank/src/main/java/Feature/bank.Feature:10)
]]>
    </failure>
  </testcase> <!-- runScenario -->
</testsuite> <!-- Default test -->
