<?xml version="1.0" encoding="UTF-8"?>
<testng-results skipped="0" failed="1" ignored="0" total="1" passed="0">
  <reporter-output>
  </reporter-output>
  <suite name="Default suite" duration-ms="8472" started-at="2020-09-28T07:20:34Z" finished-at="2020-09-28T07:20:42Z">
    <groups>
      <group name="cucumber">
        <method signature="AbstractTestNGCucumberTests.runScenario(io.cucumber.testng.PickleEventWrapper, io.cucumber.testng.CucumberFeatureWrapper)[pri:0, instance:runner.Classrunner@589838eb]" name="runScenario" class="io.cucumber.testng.AbstractTestNGCucumberTests"/>
      </group> <!-- cucumber -->
    </groups>
    <test name="Default test" duration-ms="8472" started-at="2020-09-28T07:20:34Z" finished-at="2020-09-28T07:20:42Z">
      <class name="runner.Classrunner">
        <test-method status="PASS" signature="setUpClass()[pri:0, instance:runner.Classrunner@589838eb]" name="setUpClass" is-config="true" duration-ms="121" started-at="2020-09-28T07:20:34Z" finished-at="2020-09-28T07:20:34Z">
          <reporter-output>
          </reporter-output>
        </test-method> <!-- setUpClass -->
        <test-method status="FAIL" signature="runScenario(io.cucumber.testng.PickleEventWrapper, io.cucumber.testng.CucumberFeatureWrapper)[pri:0, instance:runner.Classrunner@589838eb]" name="runScenario" duration-ms="8246" started-at="2020-09-28T07:20:34Z" description="Runs Cucumber Scenarios" data-provider="scenarios" finished-at="2020-09-28T07:20:42Z">
          <params>
            <param index="0">
              <value>
                <![CDATA["verify account details with valid credetials"]]>
              </value>
            </param>
            <param index="1">
              <value>
                <![CDATA["Demo Bank"]]>
              </value>
            </param>
          </params>
          <exception class="java.lang.NullPointerException">
            <full-stacktrace>
              <![CDATA[java.lang.NullPointerException
at stepdef.Details_StepDef.account_details_page_is_displayed(Details_StepDef.java:35)
at ✽.account details page is displayed(file:/C:/Users/babu_/eclipse-workspace/Bank/src/main/java/Feature/bank.Feature:10)
]]>
            </full-stacktrace>
          </exception> <!-- java.lang.NullPointerException -->
          <reporter-output>
          </reporter-output>
        </test-method> <!-- runScenario -->
        <test-method status="PASS" signature="tearDownClass()[pri:0, instance:runner.Classrunner@589838eb]" name="tearDownClass" is-config="true" duration-ms="36" started-at="2020-09-28T07:20:42Z" finished-at="2020-09-28T07:20:42Z">
          <reporter-output>
          </reporter-output>
        </test-method> <!-- tearDownClass -->
      </class> <!-- runner.Classrunner -->
    </test> <!-- Default test -->
  </suite> <!-- Default suite -->
</testng-results>
