<?xml version="1.0" encoding="UTF-8"?>
<!-- Generated by org.testng.reporters.JUnitReportReporter -->
<testsuite skipped="0" hostname="DESKTOP-MRC5NGO" name="runner.Classrunner" tests="1" failures="0" timestamp="28 Sep 2020 07:20:43 GMT" time="8.246" errors="1">
  <testcase name="runScenario" time="8.246" classname="runner.Classrunner">
    <error type="java.lang.NullPointerException">
      <![CDATA[java.lang.NullPointerException
at stepdef.Details_StepDef.account_details_page_is_displayed(Details_StepDef.java:35)
at ✽.account details page is displayed(file:/C:/Users/babu_/eclipse-workspace/Bank/src/main/java/Feature/bank.Feature:10)
]]>
    </error>
  </testcase> <!-- runScenario -->
</testsuite> <!-- runner.Classrunner -->
